#
# There is insufficient memory for the Java Runtime Environment to continue.
# Native memory allocation (mmap) failed to map 134217728 bytes for G1 virtual space
# Possible reasons:
#   The system is out of physical RAM or swap space
#   The process is running with CompressedOops enabled, and the Java Heap may be blocking the growth of the native heap
# Possible solutions:
#   Reduce memory load on the system
#   Increase physical memory or swap space
#   Check if swap backing store is full
#   Decrease Java heap size (-Xmx/-Xms)
#   Decrease number of Java threads
#   Decrease Java thread stack sizes (-Xss)
#   Set larger code cache with -XX:ReservedCodeCacheSize=
#   JVM is running with Unscaled Compressed Oops mode in which the Java heap is
#     placed in the first 4GB address space. The Java Heap base address is the
#     maximum limit for the native heap growth. Please use -XX:HeapBaseMinAddress
#     to set the Java Heap base and to place the Java Heap above 4GB virtual address.
# This output file may be truncated or incomplete.
#
#  Out of Memory Error (./open/src/hotspot/os/windows/os_windows.cpp:3472), pid=19736, tid=18092
#
# JRE version:  (15.0.1+9) (build )
# Java VM: OpenJDK 64-Bit Server VM (15.0.1+9-18, mixed mode, sharing, tiered, compressed oops, g1 gc, windows-amd64)
# No core dump will be written. Minidumps are not enabled by default on client versions of Windows
#

---------------  S U M M A R Y ------------

Command Line: -Dfile.encoding=Cp1252 -XX:+ShowCodeDetailsInExceptionMessages L1BlinkLED_1

Host: Intel(R) Core(TM) i3-2120 CPU @ 3.30GHz, 4 cores, 7G,  Windows 10 , 64 bit Build 19041 (10.0.19041.1151)
Time: Thu Jan 20 12:09:27 2022 Mountain Standard Time elapsed time: 7.366729 seconds (0d 0h 0m 7s)

---------------  T H R E A D  ---------------

Current thread (0x0000021933e46ef0):  JavaThread "Unknown thread" [_thread_in_vm, id=18092, stack(0x000000e228900000,0x000000e228a00000)]

Stack: [0x000000e228900000,0x000000e228a00000]
Native frames: (J=compiled Java code, j=interpreted, Vv=VM code, C=native code)
V  [jvm.dll+0x62ae9a]


---------------  P R O C E S S  ---------------

Threads class SMR info:
_java_thread_list=0x00007ff8023a4ff0, length=0, elements={
}

Java Threads: ( => current thread )

Other Threads:
  0x0000021933e7e590 GCTaskThread "GC Thread#0" [stack: 0x000000e228a00000,0x000000e228b00000] [id=9456]
  0x000002194dae96c0 ConcurrentGCThread "G1 Main Marker" [stack: 0x000000e228b00000,0x000000e228c00000] [id=17744]
  0x000002194daea2b0 ConcurrentGCThread "G1 Conc#0" [stack: 0x000000e228c00000,0x000000e228d00000] [id=6712]

[error occurred during error reporting (printing all threads), id 0xc0000005, EXCEPTION_ACCESS_VIOLATION (0xc0000005) at pc=0x00007ff801b98047]

VM state: not at safepoint (not fully initialized)

VM Mutex/Monitor currently owned by a thread:  ([mutex/lock_event])
[0x0000021933e41ad0] Heap_lock - owner thread: 0x0000021933e46ef0

Heap address: 0x0000000081400000, size: 2028 MB, Compressed Oops mode: 32-bit
CDS archive(s) mapped at: [0x0000000000000000-0x0000000000000000-0x0000000000000000), size 0, SharedBaseAddress: 0x0000000800000000, ArchiveRelocationMode: 0.
Narrow klass base: 0x0000000000000000, Narrow klass shift: 0, Narrow klass range: 0x0

Heap:
 garbage-first heap   total 131072K, used 0K [0x0000000081400000, 0x0000000100000000)
  region size 1024K, 0 young (0K), 0 survivors (0K)
 Metaspace       used 0K, capacity 0K, committed 0K, reserved 0K
  class space    used 0K, capacity 0K, committed 0K, reserved 0K

Heap Regions: E=young(eden), S=young(survivor), O=old, HS=humongous(starts), HC=humongous(continues), CS=collection set, F=free, OA=open archive, CA=closed archive, TAMS=top-at-mark-start (previous, next)

Card table byte_map: [0x0000021949320000,0x0000021949720000] _byte_map_base: 0x0000021948f16000

Marking Bits (Prev, Next): (CMBitMap*) 0x000002194dad8fe0, (CMBitMap*) 0x000002194dad9020
 Prev Bits: [0x0000021949b20000, 0x000002194bad0000)
 Next Bits: [0x000002194bad0000, 0x000002194da80000)

GC Heap History (0 events):
No events

Deoptimization events (0 events):
No events

Classes unloaded (0 events):
No events

Classes redefined (0 events):
No events

Internal exceptions (0 events):
No events

Events (1 events):
Event: 5.139 Loaded shared library C:\Program Files\Eclipse 2020-12-R\plugins\org.eclipse.justj.openjdk.hotspot.jre.full.win32.x86_64_15.0.1.v20201027-0507\jre\bin\java.dll


Dynamic libraries:
0x00007ff6eff10000 - 0x00007ff6eff1d000 	C:\Program Files\Eclipse 2020-12-R\plugins\org.eclipse.justj.openjdk.hotspot.jre.full.win32.x86_64_15.0.1.v20201027-0507\jre\bin\javaw.exe
0x00007ff863310000 - 0x00007ff863505000 	C:\WINDOWS\SYSTEM32\ntdll.dll
0x00007ff861370000 - 0x00007ff86142d000 	C:\WINDOWS\System32\KERNEL32.DLL
0x00007ff860b80000 - 0x00007ff860e49000 	C:\WINDOWS\System32\KERNELBASE.dll
0x00007ff8610d0000 - 0x00007ff8611d0000 	C:\WINDOWS\System32\ucrtbase.dll
0x00007ff852530000 - 0x00007ff852548000 	C:\Program Files\Eclipse 2020-12-R\plugins\org.eclipse.justj.openjdk.hotspot.jre.full.win32.x86_64_15.0.1.v20201027-0507\jre\bin\jli.dll
0x00007ff862d60000 - 0x00007ff862f00000 	C:\WINDOWS\System32\USER32.dll
0x00007ff860a40000 - 0x00007ff860a62000 	C:\WINDOWS\System32\win32u.dll
0x00007ff862ae0000 - 0x00007ff862b0a000 	C:\WINDOWS\System32\GDI32.dll
0x00007ff860a70000 - 0x00007ff860b7b000 	C:\WINDOWS\System32\gdi32full.dll
0x00007ff861030000 - 0x00007ff8610cd000 	C:\WINDOWS\System32\msvcp_win.dll
0x00007ff852550000 - 0x00007ff852569000 	C:\Program Files\Eclipse 2020-12-R\plugins\org.eclipse.justj.openjdk.hotspot.jre.full.win32.x86_64_15.0.1.v20201027-0507\jre\bin\VCRUNTIME140.dll
0x00007ff84b970000 - 0x00007ff84bc0a000 	C:\WINDOWS\WinSxS\amd64_microsoft.windows.common-controls_6595b64144ccf1df_6.0.19041.1110_none_60b5254171f9507e\COMCTL32.dll
0x00007ff862bb0000 - 0x00007ff862c4e000 	C:\WINDOWS\System32\msvcrt.dll
0x00007ff862d30000 - 0x00007ff862d60000 	C:\WINDOWS\System32\IMM32.DLL
0x00007ff8558d0000 - 0x00007ff855ad2000 	C:\WINDOWS\system32\tmumh\20019\AddOn\8.53.0.1128\TmUmEvt64.dll
0x00007ff862f80000 - 0x00007ff862f88000 	C:\WINDOWS\System32\PSAPI.DLL
0x00007ff862a30000 - 0x00007ff862adc000 	C:\WINDOWS\System32\ADVAPI32.dll
0x00007ff862b10000 - 0x00007ff862bab000 	C:\WINDOWS\System32\sechost.dll
0x00007ff8626a0000 - 0x00007ff8627ca000 	C:\WINDOWS\System32\RPCRT4.dll
0x00000000711b0000 - 0x0000000071320000 	C:\WINDOWS\system32\tmumh\20019\TmMon\2.8.0.1054\tmmon64.dll
0x00007ff8597a0000 - 0x00007ff8597ac000 	C:\Program Files\Eclipse 2020-12-R\plugins\org.eclipse.justj.openjdk.hotspot.jre.full.win32.x86_64_15.0.1.v20201027-0507\jre\bin\vcruntime140_1.dll
0x00007ff834f70000 - 0x00007ff835001000 	C:\Program Files\Eclipse 2020-12-R\plugins\org.eclipse.justj.openjdk.hotspot.jre.full.win32.x86_64_15.0.1.v20201027-0507\jre\bin\msvcp140.dll
0x00007ff8018e0000 - 0x00007ff80243e000 	C:\Program Files\Eclipse 2020-12-R\plugins\org.eclipse.justj.openjdk.hotspot.jre.full.win32.x86_64_15.0.1.v20201027-0507\jre\bin\server\jvm.dll
0x00007ff8508f0000 - 0x00007ff8508f9000 	C:\WINDOWS\SYSTEM32\WSOCK32.dll
0x00007ff8627d0000 - 0x00007ff86283b000 	C:\WINDOWS\System32\WS2_32.dll
0x00007ff853d70000 - 0x00007ff853d97000 	C:\WINDOWS\SYSTEM32\WINMM.dll
0x00007ff858210000 - 0x00007ff85821a000 	C:\WINDOWS\SYSTEM32\VERSION.dll
0x00007ff85e890000 - 0x00007ff85e8a2000 	C:\WINDOWS\SYSTEM32\kernel.appcore.dll
0x00007ff851bf0000 - 0x00007ff851bfa000 	C:\Program Files\Eclipse 2020-12-R\plugins\org.eclipse.justj.openjdk.hotspot.jre.full.win32.x86_64_15.0.1.v20201027-0507\jre\bin\jimage.dll
0x00007ff8530d0000 - 0x00007ff8532b4000 	C:\WINDOWS\SYSTEM32\DBGHELP.DLL
0x00007ff852e30000 - 0x00007ff852e5c000 	C:\WINDOWS\SYSTEM32\dbgcore.DLL
0x00007ff8612e0000 - 0x00007ff861363000 	C:\WINDOWS\System32\bcryptPrimitives.dll
0x00007ff849560000 - 0x00007ff849585000 	C:\Program Files\Eclipse 2020-12-R\plugins\org.eclipse.justj.openjdk.hotspot.jre.full.win32.x86_64_15.0.1.v20201027-0507\jre\bin\java.dll

dbghelp: loaded successfully - version: 4.0.5 - missing functions: none
symbol engine: initialization error.

VM Arguments:
jvm_args: -Dfile.encoding=Cp1252 -XX:+ShowCodeDetailsInExceptionMessages 
java_command: L1BlinkLED_1
java_class_path (initial): C:\Users\1100015963\Desktop\CS20echipes\StarterKit\bin;C:\Users\1100015963\Downloads\Phidget22Java_1.8.20211202\Phidget22Java\phidget22.jar
Launcher Type: SUN_STANDARD

[Global flags]
     intx CICompilerCount                          = 3                                         {product} {ergonomic}
     uint ConcGCThreads                            = 1                                         {product} {ergonomic}
     uint G1ConcRefinementThreads                  = 4                                         {product} {ergonomic}
   size_t G1HeapRegionSize                         = 1048576                                   {product} {ergonomic}
    uintx GCDrainStackTargetSize                   = 64                                        {product} {ergonomic}
   size_t InitialHeapSize                          = 134217728                                 {product} {ergonomic}
   size_t MarkStackSize                            = 4194304                                   {product} {ergonomic}
   size_t MaxHeapSize                              = 2126512128                                {product} {ergonomic}
   size_t MinHeapDeltaBytes                        = 1048576                                   {product} {ergonomic}
   size_t MinHeapSize                              = 8388608                                   {product} {ergonomic}
    uintx NonNMethodCodeHeapSize                   = 5832780                                {pd product} {ergonomic}
    uintx NonProfiledCodeHeapSize                  = 122912730                              {pd product} {ergonomic}
    uintx ProfiledCodeHeapSize                     = 122912730                              {pd product} {ergonomic}
    uintx ReservedCodeCacheSize                    = 251658240                              {pd product} {ergonomic}
     bool SegmentedCodeCache                       = true                                      {product} {ergonomic}
     bool ShowCodeDetailsInExceptionMessages       = true                                   {manageable} {command line}
   size_t SoftMaxHeapSize                          = 2126512128                             {manageable} {ergonomic}
     bool UseCompressedClassPointers               = true                                 {lp64_product} {ergonomic}
     bool UseCompressedOops                        = true                                 {lp64_product} {ergonomic}
     bool UseG1GC                                  = true                                      {product} {ergonomic}
     bool UseLargePagesIndividualAllocation        = false                                  {pd product} {ergonomic}

Logging:
Log output configuration:
 #0: stdout all=warning uptime,level,tags
 #1: stderr all=off uptime,level,tags

Environment Variables:
PATH=C:/Program Files/Eclipse 2020-12-R//plugins/org.eclipse.justj.openjdk.hotspot.jre.full.win32.x86_64_15.0.1.v20201027-0507/jre/bin/server;C:/Program Files/Eclipse 2020-12-R//plugins/org.eclipse.justj.openjdk.hotspot.jre.full.win32.x86_64_15.0.1.v20201027-0507/jre/bin;C:\Program Files\AdoptOpenJDK\jdk-15.0.2.7-hotspot\bin;C:\WINDOWS\system32;C:\WINDOWS;C:\WINDOWS\System32\Wbem;C:\WINDOWS\System32\WindowsPowerShell\v1.0\;C:\WINDOWS\System32\OpenSSH\;C:\Program Files (x86)\Windows Live\Shared;C:\Program Files\Microsoft VS Code\bin;C:\Program Files\nodejs\;C:\Users\1100015963\AppData\Local\Microsoft\WindowsApps;;C:\Program Files\Eclipse 2020-12-R;
USERNAME=1100015963
OS=Windows_NT
PROCESSOR_IDENTIFIER=Intel64 Family 6 Model 42 Stepping 7, GenuineIntel



---------------  S Y S T E M  ---------------

OS:
 Windows 10 , 64 bit Build 19041 (10.0.19041.1151)
OS uptime: 7 days 2:15 hours

CPU: total 4 (initial active 4) (2 cores per cpu, 2 threads per core) family 6 model 42 stepping 7 microcode 0x2f, cmov, cx8, fxsr, mmx, sse, sse2, sse3, ssse3, sse4.1, sse4.2, popcnt, vzeroupper, avx, clmul, ht, tsc, tscinvbit, clflush

Memory: 4k page, system-wide physical 8108M (2730M free)
TotalPageFile size 12458M (AvailPageFile size 8M)
current process WorkingSet (physical memory assigned to process): 12M, peak: 12M
current process commit charge ("private bytes"): 53M, peak: 181M

vm_info: OpenJDK 64-Bit Server VM (15.0.1+9-18) for windows-amd64 JRE (15.0.1+9-18), built on Sep 15 2020 14:39:31 by "mach5one" with unknown MS VC++:1925

END.
