#
# A fatal error has been detected by the Java Runtime Environment:
#
#  EXCEPTION_ACCESS_VIOLATION (0xc0000005) at pc=0x00007ff851bf1c1d, pid=2384, tid=21180
#
# JRE version:  (15.0.1+9) (build )
# Java VM: OpenJDK 64-Bit Server VM (15.0.1+9-18, mixed mode, sharing, tiered, unknown gc, windows-amd64)
# Problematic frame:
# C  [jimage.dll+0x1c1d]
#
# No core dump will be written. Minidumps are not enabled by default on client versions of Windows
#
#

---------------  S U M M A R Y ------------

Command Line: 

Host: Intel(R) Core(TM) i3-2120 CPU @ 3.30GHz, 4 cores, 7G,  Windows 10 , 64 bit Build 19041 (10.0.19041.1151)
Time: Thu Jan 20 12:09:29 2022 Mountain Standard Time elapsed time: 4.378207 seconds (0d 0h 0m 4s)

---------------  T H R E A D  ---------------

Current thread is native thread

Stack: [0x0000009e08600000,0x0000009e08700000],  sp=0x0000009e086fdcd0,  free space=1015k
Native frames: (J=compiled Java code, j=interpreted, Vv=VM code, C=native code)
C  [jimage.dll+0x1c1d]


siginfo: EXCEPTION_ACCESS_VIOLATION (0xc0000005), reading address 0x000000000001616c


Registers:
RAX=0x0000000000005854, RBX=0x0000009e086fddc1, RCX=0x00007ff851bf6000, RDX=0x0000000000005854
RSP=0x0000009e086fdcd0, RBP=0x0000009e086fddc0, RSI=0x0000000000007dac, RDI=0x0000009e086fddc0
R8 =0x00007ff851bf4298, R9 =0x000000000000001c, R10=0x00007ff80214c600, R11=0x00007ff851bf6000
R12=0x0000000000000000, R13=0x0000028498f71ad0, R14=0x0000009e086fee30, R15=0x00007ff80214c600
RIP=0x00007ff851bf1c1d, EFLAGS=0x0000000000010246

Top of Stack: (sp=0x0000009e086fdcd0)
0x0000009e086fdcd0:   0000009e086fdd70 00000000711b48b0
0x0000009e086fdce0:   0000efd4ab0d364d 0000028499007870
0x0000009e086fdcf0:   0000028498ffd5f0 00007ff851bf1dab
0x0000009e086fdd00:   000000000000000b 0000028498ffd5f0
0x0000009e086fdd10:   0000009e086fdd70 0000009e086fdd01
0x0000009e086fdd20:   0000000000000000 00007ff8559a42bd
0x0000009e086fdd30:   0000009e086fddb0 ffffffffffffffff
0x0000009e086fdd40:   0000009e086fdd50 00007ff860ba19ce
0x0000009e086fdd50:   0000028499000000 00007ff8559a42f3
0x0000009e086fdd60:   0000fe26671cde5e ffffffffffffffff
0x0000009e086fdd70:   00007ff802129198 0000000000000017
0x0000009e086fdd80:   0000028498ffd5f0 0000009e086fee30
0x0000009e086fdd90:   000000000000000b 00007ff851bf2689
0x0000009e086fdda0:   0000009e086fddf8 000002849aa05440
0x0000009e086fddb0:   000002849aa05438 fffffffffffffffe
0x0000009e086fddc0:   61622e6176616a2f 692f6b646a2f6573 

Instructions: (pc=0x00007ff851bf1c1d)
0x00007ff851bf1b1d:   d2 44 8d 42 40 e9 35 20 00 00 cc 40 53 48 83 ec
0x00007ff851bf1b2d:   20 48 8b d9 48 8b 49 48 48 85 c9 74 1d 80 3d cf
0x00007ff851bf1b3d:   44 00 00 00 74 06 48 8b 53 18 eb 04 48 8b 53 40
0x00007ff851bf1b4d:   e8 96 0e 00 00 48 83 63 48 00 8b 4b 0c 83 f9 ff
0x00007ff851bf1b5d:   74 09 e8 cc 0c 00 00 83 4b 0c ff 48 83 c4 20 5b
0x00007ff851bf1b6d:   c3 cc cc 40 53 48 83 ec 20 48 8b d9 48 8d 0d b0
0x00007ff851bf1b7d:   46 00 00 e8 b3 0c 00 00 83 6b 08 01 75 24 48 8b
0x00007ff851bf1b8d:   d3 48 8d 0d 83 44 00 00 e8 22 08 00 00 48 8b cb
0x00007ff851bf1b9d:   e8 aa fe ff ff ba 78 00 00 00 48 8b cb e8 b1 0e
0x00007ff851bf1bad:   00 00 48 8d 0d 7a 46 00 00 48 83 c4 20 5b e9 80
0x00007ff851bf1bbd:   0c 00 00 48 89 5c 24 08 48 89 74 24 10 57 48 83
0x00007ff851bf1bcd:   ec 20 41 8b f1 4d 8b c8 48 8b fa 4c 8b d9 4d 85
0x00007ff851bf1bdd:   c0 74 78 85 f6 74 74 44 8a 12 48 8d 5a 01 48 8b
0x00007ff851bf1bed:   d3 b8 93 01 00 01 eb 12 69 c0 93 01 00 01 41 0f
0x00007ff851bf1bfd:   b6 ca 44 8a 12 33 c1 48 ff c2 45 84 d2 75 e9 4d
0x00007ff851bf1c0d:   8b 03 0f ba f0 1f 33 d2 49 8b cb f7 f6 48 63 c2
0x00007ff851bf1c1d:   41 8b 14 81 41 ff 50 08 85 c0 7e 24 8a 0f eb 10
0x00007ff851bf1c2d:   69 c0 93 01 00 01 0f b6 c9 33 c1 8a 0b 48 ff c3
0x00007ff851bf1c3d:   84 c9 75 ec 0f ba f0 1f 33 d2 f7 f6 8b c2 eb 0e
0x00007ff851bf1c4d:   79 09 83 c9 ff 2b c8 8b c1 eb 03 83 c8 ff 48 8b
0x00007ff851bf1c5d:   5c 24 30 48 8b 74 24 38 48 83 c4 20 5f c3 cc 48
0x00007ff851bf1c6d:   89 5c 24 08 48 89 74 24 10 57 48 83 ec 20 48 8b
0x00007ff851bf1c7d:   f1 48 8d 0d ab 45 00 00 e8 ae 0b 00 00 33 ff 39
0x00007ff851bf1c8d:   3d 86 43 00 00 76 24 48 8b 05 85 43 00 00 48 8b
0x00007ff851bf1c9d:   d6 48 8b 1c f8 48 8b 0b e8 d6 1e 00 00 85 c0 74
0x00007ff851bf1cad:   2b ff c7 3b 3d 62 43 00 00 72 dc 33 db 48 8d 0d
0x00007ff851bf1cbd:   6f 45 00 00 e8 7a 0b 00 00 48 8b 74 24 38 48 8b
0x00007ff851bf1ccd:   c3 48 8b 5c 24 30 48 83 c4 20 5f c3 ff 43 08 eb
0x00007ff851bf1cdd:   dc cc cc 48 89 5c 24 08 48 89 74 24 10 57 48 83
0x00007ff851bf1ced:   ec 20 48 8b d9 48 8b f2 48 8b 49 10 49 8b f8 8b
0x00007ff851bf1cfd:   53 30 48 8b 01 ff 50 20 4c 8b 43 50 48 8b d6 48
0x00007ff851bf1d0d:   8b 4b 10 44 8b c8 e8 a8 fe ff ff 83 f8 ff 74 38 



---------------  P R O C E S S  ---------------

VM state: not at safepoint (not fully initialized)

VM Mutex/Monitor currently owned by a thread: None


Dynamic libraries:
0x00007ff6eff10000 - 0x00007ff6eff1d000 	C:\Program Files\Eclipse 2020-12-R\plugins\org.eclipse.justj.openjdk.hotspot.jre.full.win32.x86_64_15.0.1.v20201027-0507\jre\bin\javaw.exe
0x00007ff863310000 - 0x00007ff863505000 	C:\WINDOWS\SYSTEM32\ntdll.dll
0x00007ff861370000 - 0x00007ff86142d000 	C:\WINDOWS\System32\KERNEL32.DLL
0x00007ff860b80000 - 0x00007ff860e49000 	C:\WINDOWS\System32\KERNELBASE.dll
0x00007ff8610d0000 - 0x00007ff8611d0000 	C:\WINDOWS\System32\ucrtbase.dll
0x00007ff852530000 - 0x00007ff852548000 	C:\Program Files\Eclipse 2020-12-R\plugins\org.eclipse.justj.openjdk.hotspot.jre.full.win32.x86_64_15.0.1.v20201027-0507\jre\bin\jli.dll
0x00007ff852550000 - 0x00007ff852569000 	C:\Program Files\Eclipse 2020-12-R\plugins\org.eclipse.justj.openjdk.hotspot.jre.full.win32.x86_64_15.0.1.v20201027-0507\jre\bin\VCRUNTIME140.dll
0x00007ff862d60000 - 0x00007ff862f00000 	C:\WINDOWS\System32\USER32.dll
0x00007ff860a40000 - 0x00007ff860a62000 	C:\WINDOWS\System32\win32u.dll
0x00007ff862ae0000 - 0x00007ff862b0a000 	C:\WINDOWS\System32\GDI32.dll
0x00007ff860a70000 - 0x00007ff860b7b000 	C:\WINDOWS\System32\gdi32full.dll
0x00007ff861030000 - 0x00007ff8610cd000 	C:\WINDOWS\System32\msvcp_win.dll
0x00007ff84b970000 - 0x00007ff84bc0a000 	C:\WINDOWS\WinSxS\amd64_microsoft.windows.common-controls_6595b64144ccf1df_6.0.19041.1110_none_60b5254171f9507e\COMCTL32.dll
0x00007ff862bb0000 - 0x00007ff862c4e000 	C:\WINDOWS\System32\msvcrt.dll
0x00007ff8558d0000 - 0x00007ff855ad2000 	C:\WINDOWS\system32\tmumh\20019\AddOn\8.53.0.1128\TmUmEvt64.dll
0x00007ff862f80000 - 0x00007ff862f88000 	C:\WINDOWS\System32\PSAPI.DLL
0x00007ff862a30000 - 0x00007ff862adc000 	C:\WINDOWS\System32\ADVAPI32.dll
0x00007ff862b10000 - 0x00007ff862bab000 	C:\WINDOWS\System32\sechost.dll
0x00007ff8626a0000 - 0x00007ff8627ca000 	C:\WINDOWS\System32\RPCRT4.dll
0x00000000711b0000 - 0x0000000071320000 	C:\WINDOWS\system32\tmumh\20019\TmMon\2.8.0.1054\tmmon64.dll
0x00007ff8597a0000 - 0x00007ff8597ac000 	C:\Program Files\Eclipse 2020-12-R\plugins\org.eclipse.justj.openjdk.hotspot.jre.full.win32.x86_64_15.0.1.v20201027-0507\jre\bin\vcruntime140_1.dll
0x00007ff834f70000 - 0x00007ff835001000 	C:\Program Files\Eclipse 2020-12-R\plugins\org.eclipse.justj.openjdk.hotspot.jre.full.win32.x86_64_15.0.1.v20201027-0507\jre\bin\msvcp140.dll
0x00007ff8018e0000 - 0x00007ff80243e000 	C:\Program Files\Eclipse 2020-12-R\plugins\org.eclipse.justj.openjdk.hotspot.jre.full.win32.x86_64_15.0.1.v20201027-0507\jre\bin\server\jvm.dll
0x00007ff8508f0000 - 0x00007ff8508f9000 	C:\WINDOWS\SYSTEM32\WSOCK32.dll
0x00007ff8627d0000 - 0x00007ff86283b000 	C:\WINDOWS\System32\WS2_32.dll
0x00007ff853d70000 - 0x00007ff853d97000 	C:\WINDOWS\SYSTEM32\WINMM.dll
0x00007ff858210000 - 0x00007ff85821a000 	C:\WINDOWS\SYSTEM32\VERSION.dll
0x00007ff85e890000 - 0x00007ff85e8a2000 	C:\WINDOWS\SYSTEM32\kernel.appcore.dll
0x00007ff851bf0000 - 0x00007ff851bfa000 	C:\Program Files\Eclipse 2020-12-R\plugins\org.eclipse.justj.openjdk.hotspot.jre.full.win32.x86_64_15.0.1.v20201027-0507\jre\bin\jimage.dll

dbghelp: loading error: 1455
symbol engine: initialization error.

VM Arguments:
java_command: <unknown>
java_class_path (initial): <not set>
Launcher Type: SUN_STANDARD

[Global flags]
     bool UseLargePagesIndividualAllocation        = false                                  {pd product} {ergonomic}

Logging:
Log output configuration:
 #0: stdout all=warning uptime,level,tags
 #1: stderr all=off uptime,level,tags

Environment Variables:
PATH=C:/Program Files/Eclipse 2020-12-R//plugins/org.eclipse.justj.openjdk.hotspot.jre.full.win32.x86_64_15.0.1.v20201027-0507/jre/bin/server;C:/Program Files/Eclipse 2020-12-R//plugins/org.eclipse.justj.openjdk.hotspot.jre.full.win32.x86_64_15.0.1.v20201027-0507/jre/bin;C:\Program Files\AdoptOpenJDK\jdk-15.0.2.7-hotspot\bin;C:\WINDOWS\system32;C:\WINDOWS;C:\WINDOWS\System32\Wbem;C:\WINDOWS\System32\WindowsPowerShell\v1.0\;C:\WINDOWS\System32\OpenSSH\;C:\Program Files (x86)\Windows Live\Shared;C:\Program Files\Microsoft VS Code\bin;C:\Program Files\nodejs\;C:\Users\1100015963\AppData\Local\Microsoft\WindowsApps;;C:\Program Files\Eclipse 2020-12-R;
USERNAME=1100015963
OS=Windows_NT
PROCESSOR_IDENTIFIER=Intel64 Family 6 Model 42 Stepping 7, GenuineIntel



---------------  S Y S T E M  ---------------

OS:
 Windows 10 , 64 bit Build 19041 (10.0.19041.1151)
OS uptime: 7 days 2:15 hours

CPU: total 4 (initial active 0) 

Memory: 4k page, system-wide physical 8108M (2735M free)
TotalPageFile size 12458M (AvailPageFile size 741M)
current process WorkingSet (physical memory assigned to process): 9M, peak: 9M
current process commit charge ("private bytes"): 5M, peak: 5M

vm_info: OpenJDK 64-Bit Server VM (15.0.1+9-18) for windows-amd64 JRE (15.0.1+9-18), built on Sep 15 2020 14:39:31 by "mach5one" with unknown MS VC++:1925

END.
